30-08-2020 19:21:10	This log contains information about the import schema operation into project 'sampleapp' on computer 'LAPTOP-3GDBS7U1' by user 'kalyanchakri'.
30-08-2020 19:21:10	Import of database schema has started.
30-08-2020 19:21:18	Gathering database credentials
30-08-2020 19:21:18	Gathering database options
30-08-2020 19:21:18	Gathering users
30-08-2020 19:21:18	Gathering roles
30-08-2020 19:21:18	Gathering application roles
30-08-2020 19:21:18	Gathering role memberships
30-08-2020 19:21:18	Gathering filegroups
30-08-2020 19:21:18	Gathering full-text catalogs
30-08-2020 19:21:18	Gathering assemblies
30-08-2020 19:21:18	Gathering certificates
30-08-2020 19:21:18	Gathering asymmetric keys
30-08-2020 19:21:18	Gathering symmetric keys
30-08-2020 19:21:18	Gathering encrypted symmetric keys
30-08-2020 19:21:18	Gathering schemas
30-08-2020 19:21:18	Gathering XML schema collections
30-08-2020 19:21:18	Gathering user-defined data types
30-08-2020 19:21:18	Gathering user-defined types
30-08-2020 19:21:18	Gathering table types
30-08-2020 19:21:18	Gathering unique keys for table types
30-08-2020 19:21:18	Gathering primary keys for table types
30-08-2020 19:21:18	Gathering indexes for table types
30-08-2020 19:21:18	Gathering check constraints for table types
30-08-2020 19:21:18	Gathering default constraints for table types
30-08-2020 19:21:18	Gathering partition functions
30-08-2020 19:21:18	Gathering partition schemes
30-08-2020 19:21:18	Gathering functions
30-08-2020 19:21:18	Gathering encrypted functions
30-08-2020 19:21:18	Gathering aggregates
30-08-2020 19:21:18	Gathering procedures
30-08-2020 19:21:18	Gathering encrypted procedures
30-08-2020 19:21:18	Gathering tables
30-08-2020 19:21:18	Gathering primary keys
30-08-2020 19:21:18	Gathering unique constraints
30-08-2020 19:21:18	Gathering foreign keys
30-08-2020 19:21:18	Gathering default constraints
30-08-2020 19:21:18	Gathering check constraints
30-08-2020 19:21:18	Gathering views
30-08-2020 19:21:18	Gathering encrypted views
30-08-2020 19:21:18	Gathering indexes
30-08-2020 19:21:18	Gathering statistics
30-08-2020 19:21:18	Gathering full-text index stoplists
30-08-2020 19:21:18	Gathering search property lists
30-08-2020 19:21:18	Gathering search properties
30-08-2020 19:21:18	Gathering full-text indexes
30-08-2020 19:21:18	Gathering column store indexes
30-08-2020 19:21:18	Gathering spatial indexes
30-08-2020 19:21:18	Gathering XML indexes
30-08-2020 19:21:18	Gathering Selective XML indexes
30-08-2020 19:21:18	Gathering encrypted triggers
30-08-2020 19:21:18	Gathering triggers
30-08-2020 19:21:18	Gathering encrypted and clr ddl triggers
30-08-2020 19:21:18	Gathering ddl triggers
30-08-2020 19:21:18	Gathering synonyms
30-08-2020 19:21:18	Gathering defaults
30-08-2020 19:21:18	Gathering data constraint uddt bindings
30-08-2020 19:21:18	Gathering rules
30-08-2020 19:21:18	Gathering data constraint uddt bindings
30-08-2020 19:21:18	Gathering message types
30-08-2020 19:21:18	Gathering queues
30-08-2020 19:21:18	Gathering contracts
30-08-2020 19:21:18	Gathering services
30-08-2020 19:21:18	Gathering event notifications
30-08-2020 19:21:18	Gathering remote service bindings
30-08-2020 19:21:18	Gathering broker priorities
30-08-2020 19:21:18	Gathering signatures
30-08-2020 19:21:18	Gathering data compression options
30-08-2020 19:21:18	Gathering sequence types
30-08-2020 19:21:18	Gathering security policies
30-08-2020 19:21:18	Gather column encryption keys
30-08-2020 19:21:18	Gathering column master keys
30-08-2020 19:21:18	Gathering external data sources
30-08-2020 19:21:18	Gathering external file formats
30-08-2020 19:21:18	Gathering external tables
30-08-2020 19:21:18	Gathering extended properties
30-08-2020 19:21:18	Gathering credentials
30-08-2020 19:21:18	Gathering logins
30-08-2020 19:21:18	Gathering server audits
30-08-2020 19:21:18	Scanning project for duplicate elements
30-08-2020 19:21:18	Finished duplicate element processing
30-08-2020 19:21:20	Finished importing database.
30-08-2020 19:21:20	A summary of the import was saved to the following location: C:\Users\kalyanchakri\source\repos\sampleapp\Import Schema Logs\sampleapp_20200830015110.log
30-08-2020 19:21:20	Click Finish to continue...
